#
# There is insufficient memory for the Java Runtime Environment to continue.
# Native memory allocation (malloc) failed to allocate 32744 bytes for ChunkPool::allocate
# Possible reasons:
#   The system is out of physical RAM or swap space
#   In 32 bit mode, the process size limit was hit
# Possible solutions:
#   Reduce memory load on the system
#   Increase physical memory or swap space
#   Check if swap backing store is full
#   Use 64 bit Java on a 64 bit OS
#   Decrease Java heap size (-Xmx/-Xms)
#   Decrease number of Java threads
#   Decrease Java thread stack sizes (-Xss)
#   Set larger code cache with -XX:ReservedCodeCacheSize=
# This output file may be truncated or incomplete.
#
#  Out of Memory Error (allocation.cpp:273), pid=20768, tid=0x0000000000004f48
#
# JRE version: Java(TM) SE Runtime Environment (8.0_181-b25) (build 1.8.0_181-b25)
# Java VM: Java HotSpot(TM) 64-Bit Server VM (25.181-b25 mixed mode windows-amd64 compressed oops)
# Failed to write core dump. Minidumps are not enabled by default on client versions of Windows
#

---------------  T H R E A D  ---------------

Current thread (0x0000000004a41800):  JavaThread "main" [_thread_in_native, id=20296, stack(0x0000000004930000,0x0000000004a30000)]

Stack: [0x0000000004930000,0x0000000004a30000]
[error occurred during error reporting (printing stack bounds), id 0xc0000005]

Native frames: (J=compiled Java code, j=interpreted, Vv=VM code, C=native code)

Java frames: (J=compiled Java code, j=interpreted, Vv=VM code)
j  sun.misc.Perf$GetPerfAction.run()Lsun/misc/Perf;+0
j  sun.misc.Perf$GetPerfAction.run()Ljava/lang/Object;+1
v  ~StubRoutines::call_stub
j  java.security.AccessController.doPrivileged(Ljava/security/PrivilegedAction;)Ljava/lang/Object;+0
j  sun.misc.PerfCounter.<clinit>()V+7
v  ~StubRoutines::call_stub
j  java.util.zip.ZipFile.<init>(Ljava/io/File;ILjava/nio/charset/Charset;)V+154
j  java.util.zip.ZipFile.<init>(Ljava/io/File;I)V+6
j  java.util.jar.JarFile.<init>(Ljava/io/File;ZI)V+3
j  java.util.jar.JarFile.<init>(Ljava/lang/String;)V+11
j  sun.misc.URLClassPath$JarLoader.getJarFile(Ljava/net/URL;)Ljava/util/jar/JarFile;+44
j  sun.misc.URLClassPath$JarLoader.access$800(Lsun/misc/URLClassPath$JarLoader;Ljava/net/URL;)Ljava/util/jar/JarFile;+2
j  sun.misc.URLClassPath$JarLoader$1.run()Ljava/lang/Void;+55
j  sun.misc.URLClassPath$JarLoader$1.run()Ljava/lang/Object;+1
v  ~StubRoutines::call_stub
j  java.security.AccessController.doPrivileged(Ljava/security/PrivilegedExceptionAction;Ljava/security/AccessControlContext;)Ljava/lang/Object;+0
j  sun.misc.URLClassPath$JarLoader.ensureOpen()V+19
j  sun.misc.URLClassPath$JarLoader.<init>(Ljava/net/URL;Ljava/net/URLStreamHandler;Ljava/util/HashMap;Ljava/security/AccessControlContext;)V+143
j  sun.misc.URLClassPath$3.run()Lsun/misc/URLClassPath$Loader;+89
j  sun.misc.URLClassPath$3.run()Ljava/lang/Object;+1
v  ~StubRoutines::call_stub
j  java.security.AccessController.doPrivileged(Ljava/security/PrivilegedExceptionAction;Ljava/security/AccessControlContext;)Ljava/lang/Object;+0
j  sun.misc.URLClassPath.getLoader(Ljava/net/URL;)Lsun/misc/URLClassPath$Loader;+13
j  sun.misc.URLClassPath.getLoader(I)Lsun/misc/URLClassPath$Loader;+87
j  sun.misc.URLClassPath.getNextLoader([II)Lsun/misc/URLClassPath$Loader;+84
j  sun.misc.URLClassPath.getResource(Ljava/lang/String;Z)Lsun/misc/Resource;+51
j  java.net.URLClassLoader$1.run()Ljava/lang/Class;+26
j  java.net.URLClassLoader$1.run()Ljava/lang/Object;+1
v  ~StubRoutines::call_stub
j  java.security.AccessController.doPrivileged(Ljava/security/PrivilegedExceptionAction;Ljava/security/AccessControlContext;)Ljava/lang/Object;+0
j  java.net.URLClassLoader.findClass(Ljava/lang/String;)Ljava/lang/Class;+13
j  java.lang.ClassLoader.loadClass(Ljava/lang/String;Z)Ljava/lang/Class;+70
j  sun.misc.Launcher$AppClassLoader.loadClass(Ljava/lang/String;Z)Ljava/lang/Class;+81
j  java.lang.ClassLoader.loadClass(Ljava/lang/String;)Ljava/lang/Class;+3
j  sun.launcher.LauncherHelper.checkAndLoadMain(ZILjava/lang/String;)Ljava/lang/Class;+93
v  ~StubRoutines::call_stub

---------------  P R O C E S S  ---------------

Java Threads: ( => current thread )
  0x000000001ab09000 JavaThread "Service Thread" daemon [_thread_blocked, id=14200, stack(0x000000001afc0000,0x000000001b0c0000)]
  0x000000001aac8800 JavaThread "C1 CompilerThread2" daemon [_thread_blocked, id=15868, stack(0x000000001aec0000,0x000000001afc0000)]
  0x0000000019269000 JavaThread "C2 CompilerThread1" daemon [_thread_blocked, id=13260, stack(0x000000001a9c0000,0x000000001aac0000)]
  0x0000000019261800 JavaThread "C2 CompilerThread0" daemon [_thread_blocked, id=16192, stack(0x000000001a8c0000,0x000000001a9c0000)]
  0x000000001925e800 JavaThread "Attach Listener" daemon [_thread_blocked, id=14856, stack(0x000000001a7c0000,0x000000001a8c0000)]
  0x000000001925d800 JavaThread "Signal Dispatcher" daemon [_thread_blocked, id=7096, stack(0x000000001a6c0000,0x000000001a7c0000)]
  0x0000000019247000 JavaThread "Finalizer" daemon [_thread_blocked, id=12588, stack(0x000000001a4d0000,0x000000001a5d0000)]
  0x000000001921b000 JavaThread "Reference Handler" daemon [_thread_blocked, id=15384, stack(0x000000001a3d0000,0x000000001a4d0000)]
=>0x0000000004a41800 JavaThread "main" [_thread_in_native, id=20296, stack(0x0000000004930000,0x0000000004a30000)]

Other Threads:
  0x0000000004b2e800 VMThread [stack: 0x000000001a2d0000,0x000000001a3d0000] [id=23540]
  0x000000001ab1f000 WatcherThread [stack: 0x000000001b0c0000,0x000000001b1c0000] [id=17916]

VM state:not at safepoint (normal execution)

VM Mutex/Monitor currently owned by a thread: None

Heap:
 PSYoungGen      total 35840K, used 1843K [0x00000000d8500000, 0x00000000dad00000, 0x0000000100000000)
  eden space 30720K, 6% used [0x00000000d8500000,0x00000000d86cce58,0x00000000da300000)
  from space 5120K, 0% used [0x00000000da800000,0x00000000da800000,0x00000000dad00000)
  to   space 5120K, 0% used [0x00000000da300000,0x00000000da300000,0x00000000da800000)
 ParOldGen       total 81920K, used 0K [0x0000000088e00000, 0x000000008de00000, 0x00000000d8500000)
  object space 81920K, 0% used [0x0000000088e00000,0x0000000088e00000,0x000000008de00000)
 Metaspace       used 2450K, capacity 4480K, committed 4480K, reserved 1056768K
  class space    used 267K, capacity 384K, committed 384K, reserved 1048576K

Card table byte_map: [0x0000000013ef0000,0x00000000142b0000] byte_map_base: 0x0000000013aa9000

Marking Bits: (ParMarkBitMap*) 0x0000000066ef3d00
 Begin Bits: [0x0000000014930000, 0x00000000166f8000)
 End Bits:   [0x00000000166f8000, 0x00000000184c0000)

Polling page: 0x00000000047d0000

CodeCache: size=245760Kb used=1171Kb max_used=1171Kb free=244588Kb
 bounds [0x0000000004b30000, 0x0000000004da0000, 0x0000000013b30000]
 total_blobs=263 nmethods=37 adapters=140
 compilation: enabled

Compilation events (10 events):
Event: 0.702 Thread 0x000000001aac8800 nmethod 30 0x0000000004c43550 code [0x0000000004c43700, 0x0000000004c43b38]
Event: 0.702 Thread 0x000000001aac8800   32       3       java.lang.String::toLowerCase (439 bytes)
Event: 0.702 Thread 0x0000000019269000 nmethod 24 0x0000000004c49550 code [0x0000000004c49680, 0x0000000004c49858]
Event: 0.703 Thread 0x000000001aac8800 nmethod 32 0x0000000004c46b10 code [0x0000000004c46e40, 0x0000000004c486b8]
Event: 0.703 Thread 0x000000001aac8800   33       3       java.io.File::isInvalid (47 bytes)
Event: 0.704 Thread 0x000000001aac8800 nmethod 33 0x0000000004c49910 code [0x0000000004c49a80, 0x0000000004c49ea8]
Event: 0.704 Thread 0x000000001aac8800   36       3       java.lang.String::indexOf (166 bytes)
Event: 0.704 Thread 0x0000000019261800 nmethod 31 0x0000000004c4cd90 code [0x0000000004c4cee0, 0x0000000004c4d0d8]
Event: 0.704 Thread 0x000000001aac8800 nmethod 36 0x0000000004c4c1d0 code [0x0000000004c4c380, 0x0000000004c4c9d0]
Event: 0.704 Thread 0x000000001aac8800   34   !   3       java.io.WinNTFileSystem::resolve (362 bytes)

GC Heap History (0 events):
No events

Deoptimization events (0 events):
No events

Classes redefined (0 events):
No events

Internal exceptions (2 events):
Event: 0.063 Thread 0x0000000004a41800 Exception <a 'java/lang/NoSuchMethodError': Method sun.misc.Unsafe.defineClass(Ljava/lang/String;[BII)Ljava/lang/Class; name or signature does not match> (0x00000000d8507cb0) thrown at [C:\re\workspace\8-2-build-windows-amd64-cygwin\jdk8u181-mos\11301\hot
Event: 0.063 Thread 0x0000000004a41800 Exception <a 'java/lang/NoSuchMethodError': Method sun.misc.Unsafe.prefetchRead(Ljava/lang/Object;J)V name or signature does not match> (0x00000000d8507f98) thrown at [C:\re\workspace\8-2-build-windows-amd64-cygwin\jdk8u181-mos\11301\hotspot\src\share\vm\

Events (10 events):
Event: 0.707 loading class java/util/Queue done
Event: 0.707 loading class java/util/Deque done
Event: 0.707 loading class java/util/ArrayDeque done
Event: 0.708 loading class java/util/zip/ZipCoder
Event: 0.708 loading class java/util/zip/ZipCoder done
Event: 0.709 loading class sun/misc/PerfCounter
Event: 0.709 loading class sun/misc/PerfCounter done
Event: 0.709 loading class sun/misc/Perf$GetPerfAction
Event: 0.710 loading class sun/misc/Perf$GetPerfAction done
Event: 0.710 loading class sun/misc/Perf


Dynamic libraries:
0x00007ff735790000 - 0x00007ff7357c7000 	C:\Program Files\Java\jdk1.8.0_181\bin\javaw.exe
0x00007ffa43450000 - 0x00007ffa43630000 	C:\WINDOWS\SYSTEM32\ntdll.dll
0x00007ffa41dc0000 - 0x00007ffa41e6e000 	C:\WINDOWS\System32\KERNEL32.DLL
0x00007ffa3faa0000 - 0x00007ffa3fd06000 	C:\WINDOWS\System32\KERNELBASE.dll
0x00007ffa42390000 - 0x00007ffa42431000 	C:\WINDOWS\System32\ADVAPI32.dll
0x00007ffa42270000 - 0x00007ffa4230d000 	C:\WINDOWS\System32\msvcrt.dll
0x00007ffa42210000 - 0x00007ffa4226b000 	C:\WINDOWS\System32\sechost.dll
0x00007ffa43300000 - 0x00007ffa4341f000 	C:\WINDOWS\System32\RPCRT4.dll
0x00007ffa42e90000 - 0x00007ffa4301f000 	C:\WINDOWS\System32\USER32.dll
0x00007ffa3fa80000 - 0x00007ffa3faa0000 	C:\WINDOWS\System32\win32u.dll
0x00007ffa432d0000 - 0x00007ffa432f8000 	C:\WINDOWS\System32\GDI32.dll
0x00007ffa3fd10000 - 0x00007ffa3fea3000 	C:\WINDOWS\System32\gdi32full.dll
0x00007ffa40080000 - 0x00007ffa4011b000 	C:\WINDOWS\System32\msvcp_win.dll
0x00007ffa3f980000 - 0x00007ffa3fa74000 	C:\WINDOWS\System32\ucrtbase.dll
0x00007ffa26220000 - 0x00007ffa26489000 	C:\WINDOWS\WinSxS\amd64_microsoft.windows.common-controls_6595b64144ccf1df_6.0.16299.1268_none_0f8e5d125a67714c\COMCTL32.dll
0x00007ffa41f00000 - 0x00007ffa42206000 	C:\WINDOWS\System32\combase.dll
0x00007ffa3f900000 - 0x00007ffa3f978000 	C:\WINDOWS\System32\bcryptPrimitives.dll
0x00007ffa41ed0000 - 0x00007ffa41efd000 	C:\WINDOWS\System32\IMM32.DLL
0x00007ffa3f420000 - 0x00007ffa3f5a8000 	C:\Program Files\Avecto\Privilege Guard Client\PGHook.dll
0x00007ffa3f400000 - 0x00007ffa3f417000 	C:\WINDOWS\SYSTEM32\CRYPTSP.dll
0x00007ffa3f3c0000 - 0x00007ffa3f3f3000 	C:\WINDOWS\system32\rsaenh.dll
0x00007ffa3f390000 - 0x00007ffa3f3b5000 	C:\WINDOWS\SYSTEM32\bcrypt.dll
0x00007ffa3f380000 - 0x00007ffa3f38b000 	C:\WINDOWS\SYSTEM32\CRYPTBASE.dll
0x00007ffa40920000 - 0x00007ffa41d59000 	C:\WINDOWS\System32\shell32.dll
0x00007ffa3f8b0000 - 0x00007ffa3f8fa000 	C:\WINDOWS\System32\cfgmgr32.dll
0x00007ffa42810000 - 0x00007ffa428b6000 	C:\WINDOWS\System32\shcore.dll
0x00007ffa40120000 - 0x00007ffa40867000 	C:\WINDOWS\System32\windows.storage.dll
0x00007ffa41e70000 - 0x00007ffa41ec1000 	C:\WINDOWS\System32\shlwapi.dll
0x00007ffa3f830000 - 0x00007ffa3f841000 	C:\WINDOWS\System32\kernel.appcore.dll
0x00007ffa3f7e0000 - 0x00007ffa3f82c000 	C:\WINDOWS\System32\powrprof.dll
0x00007ffa3f7c0000 - 0x00007ffa3f7db000 	C:\WINDOWS\System32\profapi.dll
0x0000000068090000 - 0x0000000068162000 	C:\Program Files\Java\jdk1.8.0_181\jre\bin\msvcr100.dll
0x00000000666d0000 - 0x0000000066f73000 	C:\Program Files\Java\jdk1.8.0_181\jre\bin\server\jvm.dll
0x00007ffa42440000 - 0x00007ffa42448000 	C:\WINDOWS\System32\PSAPI.DLL
0x00007ffa34820000 - 0x00007ffa34829000 	C:\WINDOWS\SYSTEM32\WSOCK32.dll
0x00007ffa42310000 - 0x00007ffa4237c000 	C:\WINDOWS\System32\WS2_32.dll
0x00007ffa3c240000 - 0x00007ffa3c263000 	C:\WINDOWS\SYSTEM32\WINMM.dll
0x00007ffa34810000 - 0x00007ffa3481a000 	C:\WINDOWS\SYSTEM32\VERSION.dll
0x00007ffa3c210000 - 0x00007ffa3c23a000 	C:\WINDOWS\SYSTEM32\WINMMBASE.dll
0x0000000068ca0000 - 0x0000000068caf000 	C:\Program Files\Java\jdk1.8.0_181\jre\bin\verify.dll
0x0000000068c70000 - 0x0000000068c99000 	C:\Program Files\Java\jdk1.8.0_181\jre\bin\java.dll
0x0000000068c50000 - 0x0000000068c66000 	C:\Program Files\Java\jdk1.8.0_181\jre\bin\zip.dll

VM Arguments:
jvm_args: -ea -Dfile.encoding=Cp1252 
java_command: org.eclipse.jdt.internal.junit.runner.RemoteTestRunner -version 3 -port 49593 -testLoaderClass org.eclipse.jdt.internal.junit4.runner.JUnit4TestLoader -loaderpluginname org.eclipse.jdt.junit4.runtime -classNames com.varadha2k.weather.WeatherResponseTest
java_class_path (initial): D:\work\microservices\demoapi3\microservices-testing\bin;C:\Users\108294\.gradle\caches\modules-2\files-2.1\org.springframework.boot\spring-boot-starter\1.5.3.RELEASE\3b966d5e3d422474b7af2e73ae0d371ae02718b\spring-boot-starter-1.5.3.RELEASE.jar;C:\Users\108294\.gradle\caches\modules-2\files-2.1\org.springframework.boot\spring-boot-starter-web\1.5.3.RELEASE\37469baf2a75a9d2230391a5038f49d4018d2bcc\spring-boot-starter-web-1.5.3.RELEASE.jar;C:\Users\108294\.gradle\caches\modules-2\files-2.1\org.springframework.boot\spring-boot-starter-jetty\1.5.3.RELEASE\e9f9c691966cfcacad7dbdf830afd3aee228bd88\spring-boot-starter-jetty-1.5.3.RELEASE.jar;C:\Users\108294\.gradle\caches\modules-2\files-2.1\org.springframework.boot\spring-boot\1.5.3.RELEASE\5fedde3489afd5dbd82f9122aaec4c9f6da3d564\spring-boot-1.5.3.RELEASE.jar;C:\Users\108294\.gradle\caches\modules-2\files-2.1\org.springframework.boot\spring-boot-autoconfigure\1.5.3.RELEASE\b2b4d4a704f039bf22787cc412b1dd34741821fc\spring-boot-autoconfigure-1.5.3.RELEASE.jar;C:\Users\108294\.gradle\caches\modules-2\files-2.1\org.springframework.boot\spring-boot-starter-logging\1.5.3.RELEASE\ae7f1d938755553b228dd7a7f98aebb0a683c099\spring-boot-starter-logging-1.5.3.RELEASE.jar;C:\Users\108294\.gradle\caches\modules-2\files-2.1\org.springframework\spring-core\4.3.8.RELEASE\cce6c251249e48f0a86aa578c2a0e262efa5a1e0\spring-core-4.3.8.RELEASE.jar;C:\Users\108294\.gradle\caches\modules-2\files-2.1\org.yaml\snakeyaml\1.17\7a27ea250c5130b2922b86dea63cbb1cc10a660c\snakeyaml-1.17.jar;C:\Users\108294\.gradle\caches\modules-2\files-2.1\org.hibernate\hibernate-validator\5.3.5.Final\622a9bcef2eed6d41b5b8e0662c36212009e375\hibernate-validator-5.3.5.Final.jar;C:\Users\108294\.gradle\caches\modules-2\files-2.1\com.fasterxml.jackson.core\jackson-databind\2.8.8\bf88c7b27e95cbadce4e7c316a56c3efffda8026\jackson-databind-2.8.8.jar;C:\Users\108294\.gradle\caches\modules-2\files-2.1\org.springframework\spring-web\4.3.8.RELEASE\ec1b675c
Launcher Type: SUN_STANDARD

Environment Variables:
JAVA_HOME=C:\Program Files\Java\jdk1.8.0_181
PATH=C:/Program Files/Java/jre1.8.0_221/bin/server;C:/Program Files/Java/jre1.8.0_221/bin;C:/Program Files/Java/jre1.8.0_221/lib/amd64;C:\Program Files (x86)\RSA SecurID Token Common;C:\Program Files\RSA SecurID Token Common;C:\Program Files (x86)\Common Files\Oracle\Java\javapath;C:\WINDOWS\system32;C:\WINDOWS;C:\WINDOWS\System32\Wbem;C:\WINDOWS\System32\WindowsPowerShell\v1.0\;C:\Program Files\nodejs\;C:\Program Files\Git\bin;D:\apache-maven-3.3.9\bin;C:\Program Files\Java\jdk1.8.0_181\bin;C:\Program Files (x86)\Microsoft VS Code\bin;C:\Users\108294\AppData\Roaming\npm;C:\Program Files (x86)\Webex\Webex\Applications;"D:\Development_Avecto\hadoop-2.8.5\bin;";C:\Program Files\Amazon\AWSCLI\;C:\Users\108294\AppData\Local\Microsoft\WindowsApps;;D:\Development_Avecto\sts;
USERNAME=108294
OS=Windows_NT
PROCESSOR_IDENTIFIER=Intel64 Family 6 Model 78 Stepping 3, GenuineIntel



---------------  S Y S T E M  ---------------

OS: Windows 10.0 , 64 bit Build 16299 (10.0.16299.1146)

CPU:total 4 (initial active 4) (2 cores per cpu, 2 threads per core) family 6 model 78 stepping 3, cmov, cx8, fxsr, mmx, sse, sse2, sse3, ssse3, sse4.1, sse4.2, popcnt, avx, avx2, aes, clmul, erms, 3dnowpref, lzcnt, ht, tsc, tscinvbit, bmi1, bmi2, adx

Memory: 4k page, physical 7802180k(1252408k free), swap 11996484k(236k free)

vm_info: Java HotSpot(TM) 64-Bit Server VM (25.181-b25) for windows-amd64 JRE (1.8.0_181-b25), built on Jun 29 2018 00:57:57 by "java_re" with MS VC++ 10.0 (VS2010)

time: Sun Nov 03 22:50:24 2019
elapsed time: 0 seconds (0d 0h 0m 0s)

